Unity Editor version:    2020.3.26f1 (7298b473bc1a)
Branch:                  2020.3/staging
Build type:              Release
Batch mode:              YES
macOS version:           Version 11.6 (Build 20G165)
Darwin version:          20.6.0
Architecture:            x86_64
Running under Rosetta:   YES
Available memory:        16384 MB
Using pre-set license
Pro License: NO

COMMAND LINE ARGUMENTS:
/Applications/Unity/Hub/Editor/2020.3.26f1/Unity.app/Contents/MacOS/Unity
-adb2
-batchMode
-noUpm
-name
AssetImportWorker0
-projectPath
/Users/claire/Dropbox/GameDev/GGJ22/GGJ22GIT
-logFile
Logs/AssetImportWorker0.log
-srvPort
62059
Successfully changed project path to: /Users/claire/Dropbox/GameDev/GGJ22/GGJ22GIT
/Users/claire/Dropbox/GameDev/GGJ22/GGJ22GIT
Using Asset Import Pipeline V2.
Refreshing native plugins compatible for Editor in 42.60 ms, found 2 plugins.
Preloading 0 native plugins for Editor in 0.00 ms.
Initialize engine version: 2020.3.26f1 (7298b473bc1a)
[Subsystems] Discovering subsystems at path /Applications/Unity/Hub/Editor/2020.3.26f1/Unity.app/Contents/Resources/UnitySubsystems
[Subsystems] Discovering subsystems at path /Users/claire/Dropbox/GameDev/GGJ22/GGJ22GIT/Assets
GfxDevice: creating device client; threaded=0
2022-01-23 16:38:39.435 Unity[24760:415354] (null) preferred device: Apple M1 (high power)
2022-01-23 16:38:39.435 Unity[24760:415354] Metal devices available: 1
2022-01-23 16:38:39.435 Unity[24760:415354] 0: Apple M1 (high power)
2022-01-23 16:38:39.435 Unity[24760:415354] Using device Apple M1 (high power)
Initializing Metal device caps: Apple M1
Initialize mono
Mono path[0] = '/Applications/Unity/Hub/Editor/2020.3.26f1/Unity.app/Contents/Managed'
Mono path[1] = '/Applications/Unity/Hub/Editor/2020.3.26f1/Unity.app/Contents/MonoBleedingEdge/lib/mono/unityjit'
Mono config path = '/Applications/Unity/Hub/Editor/2020.3.26f1/Unity.app/Contents/MonoBleedingEdge/etc'
Using monoOptions --debugger-agent=transport=dt_socket,embedding=1,server=y,suspend=n,address=127.0.0.1:56760
Begin MonoManager ReloadAssembly
Registering precompiled unity dll's ...
Register platform support module: /Applications/Unity/Hub/Editor/2020.3.26f1/PlaybackEngines/WebGLSupport/UnityEditor.WebGL.Extensions.dll
Register platform support module: /Applications/Unity/Hub/Editor/2020.3.26f1/Unity.app/Contents/PlaybackEngines/MacStandaloneSupport/UnityEditor.OSXStandalone.Extensions.dll
Register platform support module: /Applications/Unity/Hub/Editor/2020.3.26f1/PlaybackEngines/WindowsStandaloneSupport/UnityEditor.WindowsStandalone.Extensions.dll
Registered in 0.003368 seconds.
Native extension for WindowsStandalone target not found
Native extension for OSXStandalone target not found
Native extension for WebGL target not found
Refreshing native plugins compatible for Editor in 38.58 ms, found 2 plugins.
Preloading 0 native plugins for Editor in 0.00 ms.
Mono: successfully reloaded assembly
- Completed reload, in  1.227 seconds
Domain Reload Profiling:
	ReloadAssembly (1227ms)
		BeginReloadAssembly (76ms)
			ExecutionOrderSort (0ms)
			DisableScriptedObjects (0ms)
			BackupInstance (0ms)
			ReleaseScriptingObjects (0ms)
			CreateAndSetChildDomain (2ms)
		EndReloadAssembly (1028ms)
			LoadAssemblies (75ms)
			RebuildTransferFunctionScriptingTraits (0ms)
			SetupTypeCache (182ms)
			ReleaseScriptCaches (0ms)
			RebuildScriptCaches (45ms)
			SetupLoadedEditorAssemblies (514ms)
				LogAssemblyErrors (0ms)
				InitializePlatformSupportModulesInManaged (14ms)
				SetLoadedEditorAssemblies (0ms)
				RefreshPlugins (39ms)
				BeforeProcessingInitializeOnLoad (23ms)
				ProcessInitializeOnLoadAttributes (329ms)
				ProcessInitializeOnLoadMethodAttributes (108ms)
				AfterProcessingInitializeOnLoad (0ms)
				EditorAssembliesLoaded (1ms)
			ExecutionOrderSort2 (0ms)
			AwakeInstancesAfterBackupRestoration (0ms)
Platform modules already initialized, skipping
Registering precompiled user dll's ...
Registered in 0.007859 seconds.
Begin MonoManager ReloadAssembly
Native extension for WindowsStandalone target not found
Native extension for OSXStandalone target not found
Native extension for WebGL target not found
Refreshing native plugins compatible for Editor in 39.41 ms, found 2 plugins.
Preloading 0 native plugins for Editor in 0.00 ms.
Mono: successfully reloaded assembly
- Completed reload, in  2.416 seconds
Domain Reload Profiling:
	ReloadAssembly (2418ms)
		BeginReloadAssembly (260ms)
			ExecutionOrderSort (0ms)
			DisableScriptedObjects (29ms)
			BackupInstance (0ms)
			ReleaseScriptingObjects (0ms)
			CreateAndSetChildDomain (40ms)
		EndReloadAssembly (2063ms)
			LoadAssemblies (199ms)
			RebuildTransferFunctionScriptingTraits (0ms)
			SetupTypeCache (358ms)
			ReleaseScriptCaches (1ms)
			RebuildScriptCaches (62ms)
			SetupLoadedEditorAssemblies (1113ms)
				LogAssemblyErrors (0ms)
				InitializePlatformSupportModulesInManaged (23ms)
				SetLoadedEditorAssemblies (0ms)
				RefreshPlugins (39ms)
				BeforeProcessingInitializeOnLoad (118ms)
				ProcessInitializeOnLoadAttributes (902ms)
				ProcessInitializeOnLoadMethodAttributes (29ms)
				AfterProcessingInitializeOnLoad (1ms)
				EditorAssembliesLoaded (1ms)
			ExecutionOrderSort2 (0ms)
			AwakeInstancesAfterBackupRestoration (31ms)
Platform modules already initialized, skipping
Validating Project structure ... 0.003470 seconds.
Shader import version has changed; will reimport all shaders...
Upgrading shader files ...0.004880 seconds.
Application.AssetDatabase Initial Script Refresh Start
RefreshInfo: InitialScriptRefreshV2(NoUpdateAssetOptions) scanfilter:  ... 1 filters
RefreshProfiler: Total: 0.000ms
Application.AssetDatabase Initial Script Refresh End
Application.AssetDatabase.Refresh Start
Application.AssetDatabase.Refresh End
RefreshInfo: StopAssetImportingV2(ForceSynchronousImport) scanfilter: 
RefreshProfiler: Total: 0.000ms
Launching external process: /Applications/Unity/Hub/Editor/2020.3.26f1/Unity.app/Contents/Tools/UnityShaderCompiler
Launched and connected shader compiler UnityShaderCompiler after 0.03 seconds
Initializing Unity extensions:
========================================================================
Worker process is ready to serve import requests
Refreshing native plugins compatible for Editor in 0.32 ms, found 2 plugins.
Preloading 0 native plugins for Editor in 0.00 ms.
Unloading 2034 Unused Serialized files (Serialized files now loaded: 0)
System memory in use before: 188.7 MB.
System memory in use after: 187.9 MB.

Unloading 160 unused Assets to reduce memory usage. Loaded Objects now: 2520.
Total: 2.610167 ms (FindLiveObjects: 0.094041 ms CreateObjectMapping: 0.040167 ms MarkObjects: 2.063416 ms  DeleteObjects: 0.411792 ms)

AssetImportParameters requested are different than current active one (requested -> active):
  custom:video-decoder-ogg-theora: a1e56fd34408186e4bbccfd4996cb3dc -> 
  custom:container-muxer-webm: aa71ff27fc2769a1b78a27578f13a17b -> 
  custom:container-demuxer-webm: 4f35f7cbe854078d1ac9338744f61a02 -> 
  custom:container-demuxer-ogg: 62fdf1f143b41e24485cea50d1cbac27 -> 
  custom:video-encoder-webm-vp8: eb34c28f22e8b96e1ab97ce403110664 -> 
  custom:framework-osx-AVFoundation: e770b220cccbd017edd2c1fefb359320 -> 
  custom:video-decoder-webm-vp8: 9c59270c3fd7afecdb556c50c9e8de78 -> 
  custom:audio-decoder-ogg-vorbis: bf7c407c2cedff20999df2af8eb42d56 -> 
  custom:audio-encoder-webm-vorbis: bf7c407c2cedff20999df2af8eb42d56 -> 
========================================================================
Received Import Request.
  path: Assets/3DModels/Falling Shards
  artifactKey: Guid(9626b5993a3d04cc0bd497b88dfb618d) Importer(815301076,1909f56bfc062723c751e8b465ee728b)
Start importing Assets/3DModels/Falling Shards using Guid(9626b5993a3d04cc0bd497b88dfb618d) Importer(815301076,1909f56bfc062723c751e8b465ee728b)  -> (artifact id: '2adb84b48976112ea4c9544974a6cad0') in 0.005652 seconds 
  Import took 0.008196 seconds .

========================================================================
Received Import Request.
  Time since last request: 0.001027 seconds.
  path: Assets/3DModels/Falling Shards/uploads_files_3349086_Crystal_Set_3
  artifactKey: Guid(a28906db3c0e447afbaab190139495f8) Importer(815301076,1909f56bfc062723c751e8b465ee728b)
Start importing Assets/3DModels/Falling Shards/uploads_files_3349086_Crystal_Set_3 using Guid(a28906db3c0e447afbaab190139495f8) Importer(815301076,1909f56bfc062723c751e8b465ee728b)  -> (artifact id: '27b5145cb5236b426bee55217c204ff5') in 0.000531 seconds 
  Import took 0.002173 seconds .

========================================================================
Received Import Request.
  Time since last request: 0.000260 seconds.
  path: Assets/3DModels/Bonus Models might be useful
  artifactKey: Guid(b091d40037d6b47dca17c42d5444f89c) Importer(815301076,1909f56bfc062723c751e8b465ee728b)
Start importing Assets/3DModels/Bonus Models might be useful using Guid(b091d40037d6b47dca17c42d5444f89c) Importer(815301076,1909f56bfc062723c751e8b465ee728b)  -> (artifact id: '0174c8e280182a453b92b75840d97375') in 0.000540 seconds 
  Import took 0.002346 seconds .

========================================================================
Received Import Request.
  Time since last request: 5.777870 seconds.
  path: Assets/3DModels
  artifactKey: Guid(677fdf29c98e244d9bc8b3aa78331a9b) Importer(815301076,1909f56bfc062723c751e8b465ee728b)
Start importing Assets/3DModels using Guid(677fdf29c98e244d9bc8b3aa78331a9b) Importer(815301076,1909f56bfc062723c751e8b465ee728b)  -> (artifact id: 'b1c94ba7e78da1071cf87ff46a23b783') in 0.001338 seconds 
  Import took 0.006155 seconds .

========================================================================
Received Import Request.
  Time since last request: 2.897547 seconds.
  path: Assets/3DModels/Rust Plant Base
  artifactKey: Guid(7491a3bdc64f3412093bb674eae5f82a) Importer(815301076,1909f56bfc062723c751e8b465ee728b)
Start importing Assets/3DModels/Rust Plant Base using Guid(7491a3bdc64f3412093bb674eae5f82a) Importer(815301076,1909f56bfc062723c751e8b465ee728b)  -> (artifact id: 'e00218f2b0c635e765a627ed2189afdb') in 0.001429 seconds 
  Import took 0.006412 seconds .

========================================================================
Received Import Request.
  Time since last request: 134.316580 seconds.
  path: Assets/3DModels/Rust Plant Base/crystal_2ver_model_FBX.FBX
  artifactKey: Guid(763f7fc861fec4ec094dda38bebd6b7b) Importer(815301076,1909f56bfc062723c751e8b465ee728b)
Start importing Assets/3DModels/Rust Plant Base/crystal_2ver_model_FBX.FBX using Guid(763f7fc861fec4ec094dda38bebd6b7b) Importer(815301076,1909f56bfc062723c751e8b465ee728b)  -> (artifact id: '173bce0b4edec26a7b97651d22651b4c') in 0.937561 seconds 
  Import took 0.943770 seconds .

========================================================================
Received Import Request.
  Time since last request: 54.391619 seconds.
  path: Assets/uploads_files_3499005_wallabstarct.fbx
  artifactKey: Guid(d6d795991dd4c4edcafe6f8ec0ea0e7c) Importer(815301076,1909f56bfc062723c751e8b465ee728b)
Start importing Assets/uploads_files_3499005_wallabstarct.fbx using Guid(d6d795991dd4c4edcafe6f8ec0ea0e7c) Importer(815301076,1909f56bfc062723c751e8b465ee728b)  -> (artifact id: 'eedb8f23f075a672387927817508bcab') in 0.380399 seconds 
  Import took 0.394196 seconds .

========================================================================
Received Import Request.
  Time since last request: 9.207374 seconds.
  path: Assets/uploads_files_690769_Aloe.FBX
  artifactKey: Guid(c810bb27ac82d43018f27aa61d1defc8) Importer(815301076,1909f56bfc062723c751e8b465ee728b)
Start importing Assets/uploads_files_690769_Aloe.FBX using Guid(c810bb27ac82d43018f27aa61d1defc8) Importer(815301076,1909f56bfc062723c751e8b465ee728b)  -> (artifact id: '56787eefd0d66c3482ee0ba0563f31d0') in 0.054485 seconds 
  Import took 0.059265 seconds .

